<?xml version="1.0" encoding="UTF-8"?>
<!-- Generated by org.testng.reporters.JUnitXMLReporter -->
<testsuite hostname="MX-IT00121" name="testAssuredParte2" tests="11" failures="0" timestamp="6 Apr 2018 01:51:11 GMT" time="3.608" errors="0">
  <testcase name="testJsonResponseCompare" time="0.512" classname="TaeAutomation.AssuredTraining.RestAssuredTestParte2"/>
  <testcase name="testJsonResponseCompare" time="0.118" classname="TaeAutomation.AssuredTraining.RestAssuredTestParte2"/>
  <testcase name="testJsonResponseCompare" time="0.12" classname="TaeAutomation.AssuredTraining.RestAssuredTestParte2"/>
  <testcase name="testJsonResponseValidationPosts" time="0.736" classname="TaeAutomation.AssuredTraining.RestAssuredTestParte2"/>
  <testcase name="testJsonResponseValidationPosts" time="0.362" classname="TaeAutomation.AssuredTraining.RestAssuredTestParte2"/>
  <testcase name="testJsonResponseValidationPosts" time="0.178" classname="TaeAutomation.AssuredTraining.RestAssuredTestParte2"/>
  <testcase name="testJsonResponseValidationPosts" time="0.761" classname="TaeAutomation.AssuredTraining.RestAssuredTestParte2"/>
  <testcase name="testJsonResponseValidationPosts" time="0.214" classname="TaeAutomation.AssuredTraining.RestAssuredTestParte2"/>
  <testcase name="testJsonResponseValidationPosts" time="0.199" classname="TaeAutomation.AssuredTraining.RestAssuredTestParte2"/>
  <testcase name="testParamsPosts" time="0.231" classname="TaeAutomation.AssuredTraining.RestAssuredTestParte2"/>
  <testcase name="testParamsPosts" time="0.161" classname="TaeAutomation.AssuredTraining.RestAssuredTestParte2"/>
</testsuite> <!-- testAssuredParte2 -->
