<?xml version="1.0" encoding="UTF-8"?>
<!-- Generated by org.testng.reporters.JUnitXMLReporter -->
<testsuite hostname="MX-IT00121" name="testAssuredParte1" tests="6" failures="0" timestamp="6 Apr 2018 01:51:07 GMT" time="3.83" errors="0">
  <testcase name="testResources" time="2.094" classname="TaeAutomation.AssuredTraining.RestAssuredTestParte1"/>
  <testcase name="testResources" time="0.395" classname="TaeAutomation.AssuredTraining.RestAssuredTestParte1"/>
  <testcase name="testResources" time="0.181" classname="TaeAutomation.AssuredTraining.RestAssuredTestParte1"/>
  <testcase name="testResources" time="0.728" classname="TaeAutomation.AssuredTraining.RestAssuredTestParte1"/>
  <testcase name="testResources" time="0.216" classname="TaeAutomation.AssuredTraining.RestAssuredTestParte1"/>
  <testcase name="testResources" time="0.181" classname="TaeAutomation.AssuredTraining.RestAssuredTestParte1"/>
</testsuite> <!-- testAssuredParte1 -->
