<?xml version="1.0" encoding="UTF-8"?>
<!-- Generated by org.testng.reporters.JUnitXMLReporter -->
<testsuite hostname="MX-IT00121" name="Default test" tests="6" failures="0" timestamp="6 Apr 2018 01:33:31 GMT" time="3.809" errors="0">
  <testcase name="testResources" time="2.071" classname="TaeAutomation.AssuredTraining.RestAssuredTestParte1"/>
  <testcase name="testResources" time="0.308" classname="TaeAutomation.AssuredTraining.RestAssuredTestParte1"/>
  <testcase name="testResources" time="0.216" classname="TaeAutomation.AssuredTraining.RestAssuredTestParte1"/>
  <testcase name="testResources" time="0.724" classname="TaeAutomation.AssuredTraining.RestAssuredTestParte1"/>
  <testcase name="testResources" time="0.24" classname="TaeAutomation.AssuredTraining.RestAssuredTestParte1"/>
  <testcase name="testResources" time="0.205" classname="TaeAutomation.AssuredTraining.RestAssuredTestParte1"/>
</testsuite> <!-- Default test -->
