<?xml version="1.0" encoding="UTF-8"?>
<testng-results skipped="0" failed="0" total="17" passed="17">
  <reporter-output>
  </reporter-output>
  <suite name="suiteRestAssured" duration-ms="7513" started-at="2018-04-06T01:51:03Z" finished-at="2018-04-06T01:51:11Z">
    <groups>
    </groups>
    <test name="testAssuredParte1" duration-ms="3830" started-at="2018-04-06T01:51:03Z" finished-at="2018-04-06T01:51:07Z">
      <class name="TaeAutomation.AssuredTraining.RestAssuredTestParte1">
        <test-method status="PASS" signature="testResources(java.lang.String)[pri:0, instance:TaeAutomation.AssuredTraining.RestAssuredTestParte1@59fa1d9b]" name="testResources" duration-ms="2094" started-at="2018-04-05T20:51:03Z" data-provider="RestAssuredResources" finished-at="2018-04-05T20:51:05Z">
          <params>
            <param index="0">
              <value>
                <![CDATA[https://jsonplaceholder.typicode.com/posts]]>
              </value>
            </param>
          </params>
          <reporter-output>
          </reporter-output>
        </test-method> <!-- testResources -->
        <test-method status="PASS" signature="testResources(java.lang.String)[pri:0, instance:TaeAutomation.AssuredTraining.RestAssuredTestParte1@59fa1d9b]" name="testResources" duration-ms="395" started-at="2018-04-05T20:51:05Z" data-provider="RestAssuredResources" finished-at="2018-04-05T20:51:06Z">
          <params>
            <param index="0">
              <value>
                <![CDATA[https://jsonplaceholder.typicode.com/comments]]>
              </value>
            </param>
          </params>
          <reporter-output>
          </reporter-output>
        </test-method> <!-- testResources -->
        <test-method status="PASS" signature="testResources(java.lang.String)[pri:0, instance:TaeAutomation.AssuredTraining.RestAssuredTestParte1@59fa1d9b]" name="testResources" duration-ms="181" started-at="2018-04-05T20:51:06Z" data-provider="RestAssuredResources" finished-at="2018-04-05T20:51:06Z">
          <params>
            <param index="0">
              <value>
                <![CDATA[https://jsonplaceholder.typicode.com/albums]]>
              </value>
            </param>
          </params>
          <reporter-output>
          </reporter-output>
        </test-method> <!-- testResources -->
        <test-method status="PASS" signature="testResources(java.lang.String)[pri:0, instance:TaeAutomation.AssuredTraining.RestAssuredTestParte1@59fa1d9b]" name="testResources" duration-ms="728" started-at="2018-04-05T20:51:06Z" data-provider="RestAssuredResources" finished-at="2018-04-05T20:51:07Z">
          <params>
            <param index="0">
              <value>
                <![CDATA[https://jsonplaceholder.typicode.com/photos]]>
              </value>
            </param>
          </params>
          <reporter-output>
          </reporter-output>
        </test-method> <!-- testResources -->
        <test-method status="PASS" signature="testResources(java.lang.String)[pri:0, instance:TaeAutomation.AssuredTraining.RestAssuredTestParte1@59fa1d9b]" name="testResources" duration-ms="216" started-at="2018-04-05T20:51:07Z" data-provider="RestAssuredResources" finished-at="2018-04-05T20:51:07Z">
          <params>
            <param index="0">
              <value>
                <![CDATA[https://jsonplaceholder.typicode.com/todos]]>
              </value>
            </param>
          </params>
          <reporter-output>
          </reporter-output>
        </test-method> <!-- testResources -->
        <test-method status="PASS" signature="testResources(java.lang.String)[pri:0, instance:TaeAutomation.AssuredTraining.RestAssuredTestParte1@59fa1d9b]" name="testResources" duration-ms="181" started-at="2018-04-05T20:51:07Z" data-provider="RestAssuredResources" finished-at="2018-04-05T20:51:07Z">
          <params>
            <param index="0">
              <value>
                <![CDATA[https://jsonplaceholder.typicode.com/users]]>
              </value>
            </param>
          </params>
          <reporter-output>
          </reporter-output>
        </test-method> <!-- testResources -->
      </class> <!-- TaeAutomation.AssuredTraining.RestAssuredTestParte1 -->
    </test> <!-- testAssuredParte1 -->
    <test name="testAssuredParte2" duration-ms="3608" started-at="2018-04-06T01:51:07Z" finished-at="2018-04-06T01:51:11Z">
      <class name="TaeAutomation.AssuredTraining.RestAssuredTestParte2">
        <test-method status="PASS" signature="testJsonResponseCompare(java.lang.String, int, int, java.lang.String, java.lang.String)[pri:0, instance:TaeAutomation.AssuredTraining.RestAssuredTestParte2@146ba0ac]" name="testJsonResponseCompare" duration-ms="512" started-at="2018-04-05T20:51:07Z" data-provider="DataProviderFilterItems" finished-at="2018-04-05T20:51:08Z">
          <params>
            <param index="0">
              <value>
                <![CDATA[20]]>
              </value>
            </param>
            <param index="1">
              <value>
                <![CDATA[20]]>
              </value>
            </param>
            <param index="2">
              <value>
                <![CDATA[2]]>
              </value>
            </param>
            <param index="3">
              <value>
                <![CDATA[doloribus ad provident suscipit at]]>
              </value>
            </param>
            <param index="4">
              <value>
                <![CDATA[qui consequuntur ducimus possimus quisquam amet similique
suscipit porro ipsam amet
eos veritatis officiis exercitationem vel fugit aut necessitatibus totam
omnis rerum consequatur expedita quidem cumque explicabo]]>
              </value>
            </param>
          </params>
          <reporter-output>
          </reporter-output>
        </test-method> <!-- testJsonResponseCompare -->
        <test-method status="PASS" signature="testJsonResponseCompare(java.lang.String, int, int, java.lang.String, java.lang.String)[pri:0, instance:TaeAutomation.AssuredTraining.RestAssuredTestParte2@146ba0ac]" name="testJsonResponseCompare" duration-ms="118" started-at="2018-04-05T20:51:08Z" data-provider="DataProviderFilterItems" finished-at="2018-04-05T20:51:08Z">
          <params>
            <param index="0">
              <value>
                <![CDATA[50]]>
              </value>
            </param>
            <param index="1">
              <value>
                <![CDATA[50]]>
              </value>
            </param>
            <param index="2">
              <value>
                <![CDATA[5]]>
              </value>
            </param>
            <param index="3">
              <value>
                <![CDATA[repellendus qui recusandae incidunt voluptates tenetur qui omnis exercitationem]]>
              </value>
            </param>
            <param index="4">
              <value>
                <![CDATA[error suscipit maxime adipisci consequuntur recusandae
voluptas eligendi et est et voluptates
quia distinctio ab amet quaerat molestiae et vitae
adipisci impedit sequi nesciunt quis consectetur]]>
              </value>
            </param>
          </params>
          <reporter-output>
          </reporter-output>
        </test-method> <!-- testJsonResponseCompare -->
        <test-method status="PASS" signature="testJsonResponseCompare(java.lang.String, int, int, java.lang.String, java.lang.String)[pri:0, instance:TaeAutomation.AssuredTraining.RestAssuredTestParte2@146ba0ac]" name="testJsonResponseCompare" duration-ms="120" started-at="2018-04-05T20:51:08Z" data-provider="DataProviderFilterItems" finished-at="2018-04-05T20:51:08Z">
          <params>
            <param index="0">
              <value>
                <![CDATA[100]]>
              </value>
            </param>
            <param index="1">
              <value>
                <![CDATA[100]]>
              </value>
            </param>
            <param index="2">
              <value>
                <![CDATA[10]]>
              </value>
            </param>
            <param index="3">
              <value>
                <![CDATA[at nam consequatur ea labore ea harum]]>
              </value>
            </param>
            <param index="4">
              <value>
                <![CDATA[cupiditate quo est a modi nesciunt soluta
ipsa voluptas error itaque dicta in
autem qui minus magnam et distinctio eum
accusamus ratione error aut]]>
              </value>
            </param>
          </params>
          <reporter-output>
          </reporter-output>
        </test-method> <!-- testJsonResponseCompare -->
        <test-method status="PASS" signature="testJsonResponseValidationPosts(java.lang.String, java.lang.String)[pri:0, instance:TaeAutomation.AssuredTraining.RestAssuredTestParte2@146ba0ac]" name="testJsonResponseValidationPosts" duration-ms="736" started-at="2018-04-05T20:51:08Z" data-provider="DataProviderFilterSchemas" finished-at="2018-04-05T20:51:09Z">
          <params>
            <param index="0">
              <value>
                <![CDATA[https://jsonplaceholder.typicode.com/posts]]>
              </value>
            </param>
            <param index="1">
              <value>
                <![CDATA[resources/SchemaPosts.json]]>
              </value>
            </param>
          </params>
          <reporter-output>
          </reporter-output>
        </test-method> <!-- testJsonResponseValidationPosts -->
        <test-method status="PASS" signature="testJsonResponseValidationPosts(java.lang.String, java.lang.String)[pri:0, instance:TaeAutomation.AssuredTraining.RestAssuredTestParte2@146ba0ac]" name="testJsonResponseValidationPosts" duration-ms="362" started-at="2018-04-05T20:51:09Z" data-provider="DataProviderFilterSchemas" finished-at="2018-04-05T20:51:09Z">
          <params>
            <param index="0">
              <value>
                <![CDATA[https://jsonplaceholder.typicode.com/comments]]>
              </value>
            </param>
            <param index="1">
              <value>
                <![CDATA[resources/SchemaComments.json]]>
              </value>
            </param>
          </params>
          <reporter-output>
          </reporter-output>
        </test-method> <!-- testJsonResponseValidationPosts -->
        <test-method status="PASS" signature="testJsonResponseValidationPosts(java.lang.String, java.lang.String)[pri:0, instance:TaeAutomation.AssuredTraining.RestAssuredTestParte2@146ba0ac]" name="testJsonResponseValidationPosts" duration-ms="178" started-at="2018-04-05T20:51:09Z" data-provider="DataProviderFilterSchemas" finished-at="2018-04-05T20:51:09Z">
          <params>
            <param index="0">
              <value>
                <![CDATA[https://jsonplaceholder.typicode.com/albums]]>
              </value>
            </param>
            <param index="1">
              <value>
                <![CDATA[resources/SchemaAlbums.json]]>
              </value>
            </param>
          </params>
          <reporter-output>
          </reporter-output>
        </test-method> <!-- testJsonResponseValidationPosts -->
        <test-method status="PASS" signature="testJsonResponseValidationPosts(java.lang.String, java.lang.String)[pri:0, instance:TaeAutomation.AssuredTraining.RestAssuredTestParte2@146ba0ac]" name="testJsonResponseValidationPosts" duration-ms="761" started-at="2018-04-05T20:51:09Z" data-provider="DataProviderFilterSchemas" finished-at="2018-04-05T20:51:10Z">
          <params>
            <param index="0">
              <value>
                <![CDATA[https://jsonplaceholder.typicode.com/photos]]>
              </value>
            </param>
            <param index="1">
              <value>
                <![CDATA[resources/SchemaPhotos.json]]>
              </value>
            </param>
          </params>
          <reporter-output>
          </reporter-output>
        </test-method> <!-- testJsonResponseValidationPosts -->
        <test-method status="PASS" signature="testJsonResponseValidationPosts(java.lang.String, java.lang.String)[pri:0, instance:TaeAutomation.AssuredTraining.RestAssuredTestParte2@146ba0ac]" name="testJsonResponseValidationPosts" duration-ms="214" started-at="2018-04-05T20:51:10Z" data-provider="DataProviderFilterSchemas" finished-at="2018-04-05T20:51:10Z">
          <params>
            <param index="0">
              <value>
                <![CDATA[https://jsonplaceholder.typicode.com/todos]]>
              </value>
            </param>
            <param index="1">
              <value>
                <![CDATA[resources/SchemaTodos.json]]>
              </value>
            </param>
          </params>
          <reporter-output>
          </reporter-output>
        </test-method> <!-- testJsonResponseValidationPosts -->
        <test-method status="PASS" signature="testJsonResponseValidationPosts(java.lang.String, java.lang.String)[pri:0, instance:TaeAutomation.AssuredTraining.RestAssuredTestParte2@146ba0ac]" name="testJsonResponseValidationPosts" duration-ms="199" started-at="2018-04-05T20:51:10Z" data-provider="DataProviderFilterSchemas" finished-at="2018-04-05T20:51:11Z">
          <params>
            <param index="0">
              <value>
                <![CDATA[https://jsonplaceholder.typicode.com/users]]>
              </value>
            </param>
            <param index="1">
              <value>
                <![CDATA[resources/SchemaUsers.json]]>
              </value>
            </param>
          </params>
          <reporter-output>
          </reporter-output>
        </test-method> <!-- testJsonResponseValidationPosts -->
        <test-method status="PASS" signature="testParamsPosts(java.lang.String)[pri:0, instance:TaeAutomation.AssuredTraining.RestAssuredTestParte2@146ba0ac]" name="testParamsPosts" duration-ms="231" started-at="2018-04-05T20:51:11Z" data-provider="DataProviderFilterParams" finished-at="2018-04-05T20:51:11Z">
          <params>
            <param index="0">
              <value>
                <![CDATA[https://jsonplaceholder.typicode.com/comments?postId=1]]>
              </value>
            </param>
          </params>
          <reporter-output>
          </reporter-output>
        </test-method> <!-- testParamsPosts -->
        <test-method status="PASS" signature="testParamsPosts(java.lang.String)[pri:0, instance:TaeAutomation.AssuredTraining.RestAssuredTestParte2@146ba0ac]" name="testParamsPosts" duration-ms="161" started-at="2018-04-05T20:51:11Z" data-provider="DataProviderFilterParams" finished-at="2018-04-05T20:51:11Z">
          <params>
            <param index="0">
              <value>
                <![CDATA[https://jsonplaceholder.typicode.com/posts?userId=1]]>
              </value>
            </param>
          </params>
          <reporter-output>
          </reporter-output>
        </test-method> <!-- testParamsPosts -->
      </class> <!-- TaeAutomation.AssuredTraining.RestAssuredTestParte2 -->
    </test> <!-- testAssuredParte2 -->
  </suite> <!-- suiteRestAssured -->
</testng-results>
